[0.632s] Invoking command in '/home/tranchung163/ros2_ws/src/my_robot_controller': PYTHONPATH=/home/tranchung163/ros2_ws/build/my_robot_controller/prefix_override:/home/tranchung163/ros2_ws/install/my_robot_controller/lib/python3.10/site-packages:${PYTHONPATH} /usr/bin/python3 -W ignore:setup.py install is deprecated setup.py egg_info --egg-base ../../build/my_robot_controller build --build-base /home/tranchung163/ros2_ws/build/my_robot_controller/build install --record /home/tranchung163/ros2_ws/build/my_robot_controller/install.log --single-version-externally-managed install_data
[0.861s] running egg_info
[0.862s] creating ../../build/my_robot_controller/my_robot_controller.egg-info
[0.862s] writing ../../build/my_robot_controller/my_robot_controller.egg-info/PKG-INFO
[0.862s] writing dependency_links to ../../build/my_robot_controller/my_robot_controller.egg-info/dependency_links.txt
[0.862s] writing entry points to ../../build/my_robot_controller/my_robot_controller.egg-info/entry_points.txt
[0.862s] writing requirements to ../../build/my_robot_controller/my_robot_controller.egg-info/requires.txt
[0.862s] writing top-level names to ../../build/my_robot_controller/my_robot_controller.egg-info/top_level.txt
[0.863s] writing manifest file '../../build/my_robot_controller/my_robot_controller.egg-info/SOURCES.txt'
[0.864s] reading manifest file '../../build/my_robot_controller/my_robot_controller.egg-info/SOURCES.txt'
[0.865s] writing manifest file '../../build/my_robot_controller/my_robot_controller.egg-info/SOURCES.txt'
[0.865s] running build
[0.865s] running build_py
[0.865s] creating /home/tranchung163/ros2_ws/build/my_robot_controller/build
[0.865s] creating /home/tranchung163/ros2_ws/build/my_robot_controller/build/lib
[0.866s] creating /home/tranchung163/ros2_ws/build/my_robot_controller/build/lib/my_robot_controller
[0.866s] copying my_robot_controller/__init__.py -> /home/tranchung163/ros2_ws/build/my_robot_controller/build/lib/my_robot_controller
[0.866s] running install
[0.866s] running install_lib
[0.866s] creating /home/tranchung163/ros2_ws/install/my_robot_controller/lib/python3.10/site-packages/my_robot_controller
[0.866s] copying /home/tranchung163/ros2_ws/build/my_robot_controller/build/lib/my_robot_controller/__init__.py -> /home/tranchung163/ros2_ws/install/my_robot_controller/lib/python3.10/site-packages/my_robot_controller
[0.867s] byte-compiling /home/tranchung163/ros2_ws/install/my_robot_controller/lib/python3.10/site-packages/my_robot_controller/__init__.py to __init__.cpython-310.pyc
[0.867s] running install_data
[0.868s] creating /home/tranchung163/ros2_ws/install/my_robot_controller/share/ament_index
[0.868s] creating /home/tranchung163/ros2_ws/install/my_robot_controller/share/ament_index/resource_index
[0.868s] creating /home/tranchung163/ros2_ws/install/my_robot_controller/share/ament_index/resource_index/packages
[0.868s] copying resource/my_robot_controller -> /home/tranchung163/ros2_ws/install/my_robot_controller/share/ament_index/resource_index/packages
[0.868s] copying package.xml -> /home/tranchung163/ros2_ws/install/my_robot_controller/share/my_robot_controller
[0.868s] running install_egg_info
[0.870s] Copying ../../build/my_robot_controller/my_robot_controller.egg-info to /home/tranchung163/ros2_ws/install/my_robot_controller/lib/python3.10/site-packages/my_robot_controller-0.0.0-py3.10.egg-info
[0.871s] running install_scripts
[0.890s] writing list of installed files to '/home/tranchung163/ros2_ws/build/my_robot_controller/install.log'
[0.911s] Invoked command in '/home/tranchung163/ros2_ws/src/my_robot_controller' returned '0': PYTHONPATH=/home/tranchung163/ros2_ws/build/my_robot_controller/prefix_override:/home/tranchung163/ros2_ws/install/my_robot_controller/lib/python3.10/site-packages:${PYTHONPATH} /usr/bin/python3 -W ignore:setup.py install is deprecated setup.py egg_info --egg-base ../../build/my_robot_controller build --build-base /home/tranchung163/ros2_ws/build/my_robot_controller/build install --record /home/tranchung163/ros2_ws/build/my_robot_controller/install.log --single-version-externally-managed install_data
