[0.624s] Invoking command in '/home/tranchung163/ros2_ws/src/my_robot_controller': PYTHONPATH=/home/tranchung163/ros2_ws/build/my_robot_controller/prefix_override:/home/tranchung163/ros2_ws/install/my_robot_controller/lib/python3.10/site-packages:${PYTHONPATH} /usr/bin/python3 -W ignore:setup.py install is deprecated setup.py egg_info --egg-base ../../build/my_robot_controller build --build-base /home/tranchung163/ros2_ws/build/my_robot_controller/build install --record /home/tranchung163/ros2_ws/build/my_robot_controller/install.log --single-version-externally-managed install_data
[0.880s] running egg_info
[0.881s] writing ../../build/my_robot_controller/my_robot_controller.egg-info/PKG-INFO
[0.882s] writing dependency_links to ../../build/my_robot_controller/my_robot_controller.egg-info/dependency_links.txt
[0.882s] writing entry points to ../../build/my_robot_controller/my_robot_controller.egg-info/entry_points.txt
[0.882s] writing requirements to ../../build/my_robot_controller/my_robot_controller.egg-info/requires.txt
[0.882s] writing top-level names to ../../build/my_robot_controller/my_robot_controller.egg-info/top_level.txt
[0.884s] reading manifest file '../../build/my_robot_controller/my_robot_controller.egg-info/SOURCES.txt'
[0.885s] writing manifest file '../../build/my_robot_controller/my_robot_controller.egg-info/SOURCES.txt'
[0.885s] running build
[0.885s] running build_py
[0.885s] copying my_robot_controller/my_first_node.py -> /home/tranchung163/ros2_ws/build/my_robot_controller/build/lib/my_robot_controller
[0.885s] running install
[0.885s] running install_lib
[0.886s] copying /home/tranchung163/ros2_ws/build/my_robot_controller/build/lib/my_robot_controller/my_first_node.py -> /home/tranchung163/ros2_ws/install/my_robot_controller/lib/python3.10/site-packages/my_robot_controller
[0.887s] byte-compiling /home/tranchung163/ros2_ws/install/my_robot_controller/lib/python3.10/site-packages/my_robot_controller/my_first_node.py to my_first_node.cpython-310.pyc
[0.887s] running install_data
[0.887s] running install_egg_info
[0.889s] removing '/home/tranchung163/ros2_ws/install/my_robot_controller/lib/python3.10/site-packages/my_robot_controller-0.0.0-py3.10.egg-info' (and everything under it)
[0.890s] Copying ../../build/my_robot_controller/my_robot_controller.egg-info to /home/tranchung163/ros2_ws/install/my_robot_controller/lib/python3.10/site-packages/my_robot_controller-0.0.0-py3.10.egg-info
[0.891s] running install_scripts
[0.910s] Installing test_node script to /home/tranchung163/ros2_ws/install/my_robot_controller/lib/my_robot_controller
[0.910s] writing list of installed files to '/home/tranchung163/ros2_ws/build/my_robot_controller/install.log'
[0.940s] Invoked command in '/home/tranchung163/ros2_ws/src/my_robot_controller' returned '0': PYTHONPATH=/home/tranchung163/ros2_ws/build/my_robot_controller/prefix_override:/home/tranchung163/ros2_ws/install/my_robot_controller/lib/python3.10/site-packages:${PYTHONPATH} /usr/bin/python3 -W ignore:setup.py install is deprecated setup.py egg_info --egg-base ../../build/my_robot_controller build --build-base /home/tranchung163/ros2_ws/build/my_robot_controller/build install --record /home/tranchung163/ros2_ws/build/my_robot_controller/install.log --single-version-externally-managed install_data
