[0.014s] Invoking command in '/home/tranchung163/ros2_ws/build/cyclonedds': CMAKE_PREFIX_PATH=/home/tranchung163/ros2_ws/install/my_robot_controller:/opt/ros/humble /usr/bin/cmake /home/tranchung163/ros2_ws/src/eclipse-cyclonedds/cyclonedds -DBUILD_IDLC=AUTO -DCMAKE_INSTALL_PREFIX=/home/tranchung163/ros2_ws/install/cyclonedds
[0.150s] -- The C compiler identification is GNU 11.4.0
[0.270s] -- The CXX compiler identification is GNU 11.4.0
[0.284s] -- Detecting C compiler ABI info
[0.372s] -- Detecting C compiler ABI info - done
[0.381s] -- Check for working C compiler: /usr/bin/cc - skipped
[0.382s] -- Detecting C compile features
[0.382s] -- Detecting C compile features - done
[0.387s] -- Detecting CXX compiler ABI info
[0.467s] -- Detecting CXX compiler ABI info - done
[0.478s] -- Check for working CXX compiler: /usr/bin/c++ - skipped
[0.478s] -- Detecting CXX compile features
[0.478s] -- Detecting CXX compile features - done
[0.479s] -- Setting build type to 'RelWithDebInfo' as none was specified.
[0.484s] -- Looking for getopt.h
[0.550s] -- Looking for getopt.h - found
[0.602s] -- Building with OpenSSL support
[0.613s] -- Looking for stdint.h
[0.683s] -- Looking for stdint.h - found
[0.683s] -- Looking for inttypes.h
[0.746s] -- Looking for inttypes.h - found
[0.746s] -- Looking for sys/types.h
[0.818s] -- Looking for sys/types.h - found
[0.818s] -- Looking for stdint.h
[0.882s] -- Looking for stdint.h - found
[0.882s] -- Looking for stddef.h
[0.945s] -- Looking for stddef.h - found
[0.945s] -- Check size of intmax_t
[1.010s] -- Check size of intmax_t - done
[1.011s] -- Looking for stpcpy
[1.075s] -- Looking for stpcpy - found
[1.075s] -- Looking for strlcpy
[1.101s] -- Looking for strlcpy - not found
[1.101s] -- Looking for strlcat
[1.125s] -- Looking for strlcat - not found
[1.127s] -- Performing Test COMPILER_HAS_HIDDEN_VISIBILITY
[1.200s] -- Performing Test COMPILER_HAS_HIDDEN_VISIBILITY - Success
[1.200s] -- Performing Test COMPILER_HAS_HIDDEN_INLINE_VISIBILITY
[1.271s] -- Performing Test COMPILER_HAS_HIDDEN_INLINE_VISIBILITY - Success
[1.271s] -- Performing Test COMPILER_HAS_DEPRECATED_ATTR
[1.345s] -- Performing Test COMPILER_HAS_DEPRECATED_ATTR - Success
[1.350s] -- Building internal IDLC backend
[1.353s] -- Looking for gethostname
[1.420s] -- Looking for gethostname - found
[1.420s] -- Looking for inet_ntop
[1.493s] -- Looking for inet_ntop - found
[1.494s] -- Looking for inet_pton
[1.557s] -- Looking for inet_pton - found
[1.558s] -- Looking for getaddrinfo
[1.626s] -- Looking for getaddrinfo - found
[1.627s] -- Looking for gethostbyname_r
[1.694s] -- Looking for gethostbyname_r - found
[1.694s] -- Check size of struct sockaddr_in6
[1.761s] -- Check size of struct sockaddr_in6 - done
[1.763s] -- Looking for pthread.h
[1.833s] -- Looking for pthread.h - found
[1.834s] -- Performing Test CMAKE_HAVE_LIBC_PTHREAD
[1.903s] -- Performing Test CMAKE_HAVE_LIBC_PTHREAD - Success
[1.904s] -- Found Threads: TRUE  
[1.904s] -- Looking for clock_gettime in c
[1.969s] -- Looking for clock_gettime in c - found
[1.988s] -- Building Iceoryx PSMX plugin
[2.429s] -- Configuring done
[2.512s] -- Generating done
[2.516s] -- Build files have been written to: /home/tranchung163/ros2_ws/build/cyclonedds
[2.525s] Invoked command in '/home/tranchung163/ros2_ws/build/cyclonedds' returned '0': CMAKE_PREFIX_PATH=/home/tranchung163/ros2_ws/install/my_robot_controller:/opt/ros/humble /usr/bin/cmake /home/tranchung163/ros2_ws/src/eclipse-cyclonedds/cyclonedds -DBUILD_IDLC=AUTO -DCMAKE_INSTALL_PREFIX=/home/tranchung163/ros2_ws/install/cyclonedds
[2.527s] Invoking command in '/home/tranchung163/ros2_ws/build/cyclonedds': CMAKE_PREFIX_PATH=/home/tranchung163/ros2_ws/install/my_robot_controller:/opt/ros/humble /usr/bin/cmake --build /home/tranchung163/ros2_ws/build/cyclonedds -- -j8 -l8
[2.565s] [  0%] [32mBuilding C object src/tools/idlpp/CMakeFiles/idlpp.dir/src/directive.c.o[0m
[2.565s] [  0%] [32mBuilding C object src/tools/idlpp/CMakeFiles/idlpp.dir/src/expand.c.o[0m
[2.566s] [  1%] [32mBuilding C object src/ddsrt/CMakeFiles/ddsrt-internal.dir/src/atomics.c.o[0m
[2.567s] [  2%] [32mBuilding C object src/tools/idlpp/CMakeFiles/idlpp.dir/src/eval.c.o[0m
[2.567s] [  3%] [32mBuilding C object src/tools/idlpp/CMakeFiles/idlpp.dir/src/mbchar.c.o[0m
[2.567s] [  3%] Built target _confgen
[2.567s] [  3%] [32mBuilding C object src/tools/idlpp/CMakeFiles/idlpp.dir/src/main.c.o[0m
[2.575s] [  3%] [32mBuilding C object src/ddsrt/CMakeFiles/ddsrt-internal.dir/src/avl.c.o[0m
[2.576s] [  3%] [32mBuilding C object src/tools/idlpp/CMakeFiles/idlpp.dir/src/support.c.o[0m
[2.644s] [  3%] [32mBuilding C object src/ddsrt/CMakeFiles/ddsrt-internal.dir/src/dynlib.c.o[0m
[2.677s] [  4%] [32mBuilding C object src/ddsrt/CMakeFiles/ddsrt-internal.dir/src/bits.c.o[0m
[2.715s] [  4%] [32mBuilding C object src/tools/idlpp/CMakeFiles/idlpp.dir/src/system.c.o[0m
[2.720s] [  4%] [32mBuilding C object src/ddsrt/CMakeFiles/ddsrt-internal.dir/src/bswap.c.o[0m
[2.739s] [  4%] [32mBuilding C object src/ddsrt/CMakeFiles/ddsrt-internal.dir/src/io.c.o[0m
[2.764s] [  5%] [32mBuilding C object src/ddsrt/CMakeFiles/ddsrt-internal.dir/src/log.c.o[0m
[2.771s] [  5%] [32mBuilding C object src/ddsrt/CMakeFiles/ddsrt-internal.dir/src/retcode.c.o[0m
[2.797s] [  6%] [32mBuilding C object src/ddsrt/CMakeFiles/ddsrt-internal.dir/src/strtod.c.o[0m
[2.849s] [  6%] [32mBuilding C object src/ddsrt/CMakeFiles/ddsrt-internal.dir/src/strtol.c.o[0m
[2.876s] [  6%] [32mBuilding C object src/ddsrt/CMakeFiles/ddsrt-internal.dir/src/mh3.c.o[0m
[2.877s] [  7%] [32mBuilding C object src/ddsrt/CMakeFiles/ddsrt-internal.dir/src/environ.c.o[0m
[2.906s] [  7%] [32mBuilding C object src/ddsrt/CMakeFiles/ddsrt-internal.dir/src/expand_vars.c.o[0m
[2.912s] [  7%] [32mBuilding C object src/ddsrt/CMakeFiles/ddsrt-internal.dir/src/fibheap.c.o[0m
[2.920s] [  8%] [32mBuilding C object src/ddsrt/CMakeFiles/ddsrt-internal.dir/src/hopscotch.c.o[0m
[2.932s] [  8%] [32mBuilding C object src/ddsrt/CMakeFiles/ddsrt-internal.dir/src/circlist.c.o[0m
[2.945s] [  8%] [32mBuilding C object src/ddsrt/CMakeFiles/ddsrt-internal.dir/src/threads.c.o[0m
[2.972s] [  9%] [32mBuilding C object src/ddsrt/CMakeFiles/ddsrt-internal.dir/src/string.c.o[0m
[2.976s] [  9%] [32mBuilding C object src/ddsrt/CMakeFiles/ddsrt-internal.dir/src/sockets.c.o[0m
[3.002s] [  9%] [32mBuilding C object src/ddsrt/CMakeFiles/ddsrt-internal.dir/src/md5.c.o[0m
[3.048s] [ 10%] [32mBuilding C object src/ddsrt/CMakeFiles/ddsrt-internal.dir/src/xmlparser.c.o[0m
[3.059s] [ 10%] [32mBuilding C object src/ddsrt/CMakeFiles/ddsrt-internal.dir/src/ifaddrs.c.o[0m
[3.074s] [ 11%] [32mBuilding C object src/ddsrt/CMakeFiles/ddsrt-internal.dir/src/cdtors.c.o[0m
[3.111s] [ 11%] [32mBuilding C object src/ddsrt/CMakeFiles/ddsrt-internal.dir/src/random.c.o[0m
[3.114s] [ 11%] [32mBuilding C object src/ddsrt/CMakeFiles/ddsrt-internal.dir/src/time.c.o[0m
[3.130s] [ 12%] [32mBuilding C object src/ddsrt/CMakeFiles/ddsrt-internal.dir/src/sockets/posix/socket.c.o[0m
[3.160s] [ 12%] [32mBuilding C object src/ddsrt/CMakeFiles/ddsrt-internal.dir/src/ifaddrs/posix/ifaddrs.c.o[0m
[3.161s] [ 12%] [32mBuilding C object src/ddsrt/CMakeFiles/ddsrt-internal.dir/src/sockets/posix/gethostname.c.o[0m
[3.172s] [ 13%] [32mBuilding C object src/core/CMakeFiles/ddsc.dir/cdr/src/dds_cdrstream.c.o[0m
[3.201s] [ 14%] [32mBuilding C object src/ddsrt/CMakeFiles/ddsrt-internal.dir/src/heap/posix/heap.c.o[0m
[3.203s] [ 14%] [32mBuilding C object src/ddsrt/CMakeFiles/ddsrt-internal.dir/src/dynlib/posix/dynlib.c.o[0m
[3.206s] [ 14%] [32mBuilding C object src/ddsrt/CMakeFiles/ddsrt-internal.dir/src/environ/posix/environ.c.o[0m
[3.224s] [ 15%] [32mBuilding C object src/ddsrt/CMakeFiles/ddsrt-internal.dir/src/filesystem/posix/filesystem.c.o[0m
[3.237s] [ 16%] [32m[1mLinking C static library ../../../lib/libidlpp.a[0m
[3.239s] [ 16%] [32mBuilding C object src/ddsrt/CMakeFiles/ddsrt-internal.dir/src/process/posix/process.c.o[0m
[3.254s] [ 16%] [32mBuilding C object src/ddsrt/CMakeFiles/ddsrt-internal.dir/src/random/posix/random.c.o[0m
[3.263s] [ 17%] [32mBuilding C object src/ddsrt/CMakeFiles/ddsrt-internal.dir/src/sync/posix/sync.c.o[0m
[3.264s] [ 17%] [32mBuilding C object src/ddsrt/CMakeFiles/ddsrt-internal.dir/src/threads/posix/threads.c.o[0m
[3.273s] [ 17%] [32mBuilding C object src/ddsrt/CMakeFiles/ddsrt-internal.dir/src/netstat/linux/netstat.c.o[0m
[3.280s] [ 17%] Built target idlpp
[3.288s] [ 18%] [32mBuilding C object src/ddsrt/CMakeFiles/ddsrt-internal.dir/src/time/posix/time.c.o[0m
[3.292s] [ 18%] [32mBuilding C object src/ddsrt/CMakeFiles/ddsrt-internal.dir/src/rusage/posix/rusage.c.o[0m
[3.294s] [ 18%] [32mBuilding C object src/core/CMakeFiles/ddsc.dir/ddsi/src/ddsi_eth.c.o[0m
[3.309s] [ 18%] [32mBuilding C object src/core/CMakeFiles/ddsc.dir/ddsi/src/ddsi_ssl.c.o[0m
[3.331s] [ 18%] [32mBuilding C object src/core/CMakeFiles/ddsc.dir/ddsi/src/ddsi_tran.c.o[0m
[3.331s] [ 19%] [32mBuilding C object src/core/CMakeFiles/ddsc.dir/ddsi/src/ddsi_tcp.c.o[0m
[3.343s] [ 19%] [32mBuilding C object src/core/CMakeFiles/ddsc.dir/ddsi/src/ddsi_udp.c.o[0m
[3.375s] [ 20%] [32mBuilding C object src/core/CMakeFiles/ddsc.dir/ddsi/src/ddsi_raweth.c.o[0m
[3.398s] [ 20%] [32mBuilding C object src/core/CMakeFiles/ddsc.dir/ddsi/src/ddsi_vnet.c.o[0m
[3.401s] [ 21%] [32m[1mLinking C static library ../../lib/libddsrt-internal.a[0m
[3.471s] [ 21%] Built target ddsrt-internal
[3.480s] [ 21%] [32mBuilding C object src/core/CMakeFiles/ddsc.dir/ddsi/src/ddsi_ipaddr.c.o[0m
[3.502s] [ 22%] [32mBuilding C object src/core/CMakeFiles/ddsc.dir/ddsi/src/ddsi_mcgroup.c.o[0m
[3.507s] [ 22%] [32mBuilding C object src/core/CMakeFiles/ddsc.dir/ddsi/src/ddsi_nwpart.c.o[0m
[3.514s] [ 22%] [32mBuilding C object src/core/CMakeFiles/ddsc.dir/ddsi/src/ddsi_security_util.c.o[0m
[3.566s] [ 23%] [32mBuilding C object src/core/CMakeFiles/ddsc.dir/ddsi/src/ddsi_security_omg.c.o[0m
[3.573s] [ 23%] [32mBuilding C object src/core/CMakeFiles/ddsc.dir/ddsi/src/ddsi_portmapping.c.o[0m
[3.622s] [ 24%] [32mBuilding C object src/core/CMakeFiles/ddsc.dir/ddsi/src/ddsi_serdata.c.o[0m
[3.623s] [ 24%] [32mBuilding C object src/core/CMakeFiles/ddsc.dir/ddsi/src/ddsi_handshake.c.o[0m
[3.641s] [ 24%] [32mBuilding C object src/core/CMakeFiles/ddsc.dir/ddsi/src/ddsi_serdata_cdr.c.o[0m
[3.683s] [ 25%] [32mBuilding C object src/core/CMakeFiles/ddsc.dir/ddsi/src/ddsi_serdata_pserop.c.o[0m
[3.693s] [ 25%] [32mBuilding C object src/core/CMakeFiles/ddsc.dir/ddsi/src/ddsi_serdata_plist.c.o[0m
[3.744s] [ 25%] [32mBuilding C object src/core/CMakeFiles/ddsc.dir/ddsi/src/ddsi_sertype.c.o[0m
[3.761s] [ 26%] [32mBuilding C object src/core/CMakeFiles/ddsc.dir/ddsi/src/ddsi_sertype_cdr.c.o[0m
[3.772s] [ 26%] [32mBuilding C object src/core/CMakeFiles/ddsc.dir/ddsi/src/ddsi_sertype_pserop.c.o[0m
[3.823s] [ 26%] [32mBuilding C object src/core/CMakeFiles/ddsc.dir/ddsi/src/ddsi_sertype_plist.c.o[0m
[3.835s] [ 27%] [32mBuilding C object src/core/CMakeFiles/ddsc.dir/ddsi/src/ddsi_statistics.c.o[0m
[3.853s] [ 27%] [32mBuilding C object src/core/CMakeFiles/ddsc.dir/ddsi/src/ddsi_iid.c.o[0m
[3.863s] [ 27%] [32mBuilding C object src/core/CMakeFiles/ddsc.dir/ddsi/src/ddsi_tkmap.c.o[0m
[3.873s] [ 28%] [32mBuilding C object src/core/CMakeFiles/ddsc.dir/ddsi/src/ddsi_vendor.c.o[0m
[3.925s] [ 28%] [32mBuilding C object src/core/CMakeFiles/ddsc.dir/ddsi/src/ddsi_threadmon.c.o[0m
[3.925s] [ 28%] [32mBuilding C object src/core/CMakeFiles/ddsc.dir/ddsi/src/ddsi_pmd.c.o[0m
[3.926s] [ 29%] [32mBuilding C object src/core/CMakeFiles/ddsc.dir/ddsi/src/ddsi_rhc.c.o[0m
[3.928s] [ 29%] [32mBuilding C object src/core/CMakeFiles/ddsc.dir/ddsi/src/ddsi_entity_index.c.o[0m
[3.943s] [ 30%] [32mBuilding C object src/core/CMakeFiles/ddsc.dir/ddsi/src/ddsi_deadline.c.o[0m
[3.970s] [ 30%] [32mBuilding C object src/core/CMakeFiles/ddsc.dir/ddsi/src/ddsi_deliver_locally.c.o[0m
[3.981s] [ 30%] [32mBuilding C object src/core/CMakeFiles/ddsc.dir/ddsi/src/ddsi_plist.c.o[0m
[4.040s] [ 31%] [32mBuilding C object src/core/CMakeFiles/ddsc.dir/ddsi/src/ddsi_config.c.o[0m
[4.054s] [ 31%] [32mBuilding C object src/core/CMakeFiles/ddsc.dir/ddsi/src/ddsi_time.c.o[0m
[4.068s] [ 31%] [32mBuilding C object src/core/CMakeFiles/ddsc.dir/ddsi/src/ddsi_nwinterfaces.c.o[0m
[4.101s] [ 32%] [32mBuilding C object src/core/CMakeFiles/ddsc.dir/ddsi/src/ddsi_acknack.c.o[0m
[4.106s] [ 32%] [32mBuilding C object src/core/CMakeFiles/ddsc.dir/ddsi/src/ddsi_list_genptr.c.o[0m
[4.117s] [ 32%] [32mBuilding C object src/core/CMakeFiles/ddsc.dir/ddsi/src/ddsi_wraddrset.c.o[0m
[4.181s] [ 33%] [32mBuilding C object src/core/CMakeFiles/ddsc.dir/ddsi/src/ddsi_entity.c.o[0m
[4.301s] [ 33%] [32mBuilding C object src/core/CMakeFiles/ddsc.dir/ddsi/src/ddsi_endpoint_match.c.o[0m
[4.314s] [ 34%] [32mBuilding C object src/core/CMakeFiles/ddsc.dir/ddsi/src/ddsi_participant.c.o[0m
[4.315s] [ 34%] [32mBuilding C object src/core/CMakeFiles/ddsc.dir/ddsi/src/ddsi_proxy_participant.c.o[0m
[4.391s] [ 34%] [32mBuilding C object src/core/CMakeFiles/ddsc.dir/ddsi/src/ddsi_topic.c.o[0m
[4.520s] [ 35%] [32mBuilding C object src/core/CMakeFiles/ddsc.dir/ddsi/src/ddsi_endpoint.c.o[0m
[4.553s] [ 35%] [32mBuilding C object src/core/CMakeFiles/ddsc.dir/ddsi/src/ddsi_proxy_endpoint.c.o[0m
[4.568s] [ 35%] [32mBuilding C object src/core/CMakeFiles/ddsc.dir/ddsi/src/ddsi_gc.c.o[0m
[4.626s] [ 36%] [32mBuilding C object src/core/CMakeFiles/ddsc.dir/ddsi/src/ddsi_addrset.c.o[0m
[4.705s] [ 36%] [32mBuilding C object src/core/CMakeFiles/ddsc.dir/ddsi/src/ddsi_bitset.c.o[0m
[4.747s] [ 36%] [32mBuilding C object src/core/CMakeFiles/ddsc.dir/ddsi/src/ddsi_guid.c.o[0m
[4.790s] [ 37%] [32mBuilding C object src/core/CMakeFiles/ddsc.dir/ddsi/src/ddsi_bswap.c.o[0m
[4.807s] [ 37%] [32mBuilding C object src/core/CMakeFiles/ddsc.dir/ddsi/src/ddsi_discovery.c.o[0m
[4.809s] [ 37%] [32mBuilding C object src/core/CMakeFiles/ddsc.dir/ddsi/src/ddsi_discovery_addrset.c.o[0m
[4.812s] [ 38%] [32mBuilding C object src/core/CMakeFiles/ddsc.dir/ddsi/src/ddsi_discovery_spdp.c.o[0m
[4.829s] [ 38%] [32mBuilding C object src/core/CMakeFiles/ddsc.dir/ddsi/src/ddsi_discovery_endpoint.c.o[0m
[4.850s] [ 38%] [32mBuilding C object src/core/CMakeFiles/ddsc.dir/ddsi/src/ddsi_debmon.c.o[0m
[4.949s] [ 39%] [32mBuilding C object src/core/CMakeFiles/ddsc.dir/ddsi/src/ddsi_init.c.o[0m
[4.998s] [ 39%] [32mBuilding C object src/core/CMakeFiles/ddsc.dir/ddsi/src/ddsi_lat_estim.c.o[0m
[4.998s] [ 40%] [32mBuilding C object src/core/CMakeFiles/ddsc.dir/ddsi/src/ddsi_lease.c.o[0m
[5.049s] [ 40%] [32mBuilding C object src/core/CMakeFiles/ddsc.dir/ddsi/src/ddsi_misc.c.o[0m
[5.063s] [ 40%] [32mBuilding C object src/core/CMakeFiles/ddsc.dir/ddsi/src/ddsi_pcap.c.o[0m
[5.111s] [ 41%] [32mBuilding C object src/core/CMakeFiles/ddsc.dir/ddsi/src/ddsi_qosmatch.c.o[0m
[5.123s] [ 41%] [32mBuilding C object src/core/CMakeFiles/ddsc.dir/ddsi/src/ddsi_radmin.c.o[0m
[5.130s] [ 41%] [32mBuilding C object src/core/CMakeFiles/ddsc.dir/ddsi/src/ddsi_receive.c.o[0m
[5.150s] [ 42%] [32mBuilding C object src/core/CMakeFiles/ddsc.dir/ddsi/src/ddsi_sockwaitset.c.o[0m
[5.151s] [ 42%] [32mBuilding C object src/core/CMakeFiles/ddsc.dir/ddsi/src/ddsi_sysdeps.c.o[0m
[5.166s] [ 42%] [32mBuilding C object src/core/CMakeFiles/ddsc.dir/ddsi/src/ddsi_thread.c.o[0m
[5.224s] [ 43%] [32mBuilding C object src/core/CMakeFiles/ddsc.dir/ddsi/src/ddsi_transmit.c.o[0m
[5.230s] [ 43%] [32mBuilding C object src/core/CMakeFiles/ddsc.dir/ddsi/src/ddsi_inverse_uint32_set.c.o[0m
[5.272s] [ 43%] [32mBuilding C object src/core/CMakeFiles/ddsc.dir/ddsi/src/ddsi_whc.c.o[0m
[5.284s] [ 44%] [32mBuilding C object src/core/CMakeFiles/ddsc.dir/ddsi/src/ddsi_xevent.c.o[0m
[5.319s] [ 44%] [32mBuilding C object src/core/CMakeFiles/ddsc.dir/ddsi/src/ddsi_xmsg.c.o[0m
[5.325s] [ 44%] [32mBuilding C object src/core/CMakeFiles/ddsc.dir/ddsi/src/ddsi_freelist.c.o[0m
[5.336s] [ 45%] [32mBuilding C object src/core/CMakeFiles/ddsc.dir/ddsi/src/ddsi_hbcontrol.c.o[0m
[5.397s] [ 45%] [32mBuilding C object src/core/CMakeFiles/ddsc.dir/ddsi/src/ddsi_lifespan.c.o[0m
[5.465s] [ 46%] [32mBuilding C object src/core/CMakeFiles/ddsc.dir/ddsi/src/ddsi_discovery_topic.c.o[0m
[5.473s] [ 46%] [32mBuilding C object src/core/CMakeFiles/ddsc.dir/ddsi/src/ddsi_xt_typeinfo.c.o[0m
[5.506s] [ 46%] [32mBuilding C object src/core/CMakeFiles/ddsc.dir/ddsi/src/ddsi_xt_typemap.c.o[0m
[5.553s] [ 47%] [32mBuilding C object src/core/CMakeFiles/ddsc.dir/ddsi/src/ddsi_typelib.c.o[0m
[5.553s] [ 47%] [32mBuilding C object src/core/CMakeFiles/ddsc.dir/ddsi/src/ddsi_typewrap.c.o[0m
[5.562s] [ 47%] [32mBuilding C object src/core/CMakeFiles/ddsc.dir/ddsi/src/ddsi_typebuilder.c.o[0m
[5.564s] [ 48%] [32mBuilding C object src/core/CMakeFiles/ddsc.dir/ddsi/src/ddsi_dynamic_type.c.o[0m
[5.627s] [ 48%] [32mBuilding C object src/core/CMakeFiles/ddsc.dir/ddsi/src/ddsi_xt_typelookup.c.o[0m
[5.636s] [ 48%] [32mBuilding C object src/core/CMakeFiles/ddsc.dir/ddsi/src/ddsi_typelookup.c.o[0m
[5.669s] [ 49%] [32mBuilding C object src/core/CMakeFiles/ddsc.dir/ddsi/src/ddsi_security_msg.c.o[0m
[5.698s] [ 49%] [32mBuilding C object src/core/CMakeFiles/ddsc.dir/ddsi/src/ddsi_security_exchange.c.o[0m
[5.786s] [ 49%] [32mBuilding C object src/core/CMakeFiles/ddsc.dir/ddsi/defconfig.c.o[0m
[5.816s] [ 50%] [32mBuilding C object src/core/CMakeFiles/ddsc.dir/ddsc/src/dds_alloc.c.o[0m
[5.901s] [ 50%] [32mBuilding C object src/core/CMakeFiles/ddsc.dir/ddsc/src/dds_builtin.c.o[0m
[5.916s] [ 51%] [32mBuilding C object src/core/CMakeFiles/ddsc.dir/ddsc/src/dds_coherent.c.o[0m
[5.918s] [ 51%] [32mBuilding C object src/core/CMakeFiles/ddsc.dir/ddsc/src/dds_participant.c.o[0m
[5.930s] [ 51%] [32mBuilding C object src/core/CMakeFiles/ddsc.dir/ddsc/src/dds_reader.c.o[0m
[6.060s] [ 52%] [32mBuilding C object src/core/CMakeFiles/ddsc.dir/ddsc/src/dds_writer.c.o[0m
[6.102s] [ 52%] [32mBuilding C object src/core/CMakeFiles/ddsc.dir/ddsc/src/dds_init.c.o[0m
[6.173s] [ 52%] [32mBuilding C object src/core/CMakeFiles/ddsc.dir/ddsc/src/dds_publisher.c.o[0m
[6.176s] [ 53%] [32mBuilding C object src/core/CMakeFiles/ddsc.dir/ddsc/src/dds_rhc.c.o[0m
[6.184s] [ 53%] [32mBuilding C object src/core/CMakeFiles/ddsc.dir/ddsc/src/dds_rhc_default.c.o[0m
[6.268s] [ 54%] [32mBuilding C object src/core/CMakeFiles/ddsc.dir/ddsc/src/dds_domain.c.o[0m
[6.268s] [ 54%] [32mBuilding C object src/core/CMakeFiles/ddsc.dir/ddsc/src/dds_instance.c.o[0m
[6.276s] [ 54%] [32mBuilding C object src/core/CMakeFiles/ddsc.dir/ddsc/src/dds_qos.c.o[0m
[6.282s] [ 54%] [32mBuilding C object src/core/CMakeFiles/ddsc.dir/ddsc/src/dds_handles.c.o[0m
[6.362s] [ 55%] [32mBuilding C object src/core/CMakeFiles/ddsc.dir/ddsc/src/dds_entity.c.o[0m
[6.458s] [ 55%] [32mBuilding C object src/core/CMakeFiles/ddsc.dir/ddsc/src/dds_matched.c.o[0m
[6.482s] [ 56%] [32mBuilding C object src/core/CMakeFiles/ddsc.dir/ddsc/src/dds_topic.c.o[0m
[6.493s] [ 56%] [32mBuilding C object src/core/CMakeFiles/ddsc.dir/ddsc/src/dds_querycond.c.o[0m
[6.524s] [ 56%] [32mBuilding C object src/core/CMakeFiles/ddsc.dir/ddsc/src/dds_listener.c.o[0m
[6.606s] [ 57%] [32mBuilding C object src/core/CMakeFiles/ddsc.dir/ddsc/src/dds_read.c.o[0m
[6.671s] [ 57%] [32mBuilding C object src/core/CMakeFiles/ddsc.dir/ddsc/src/dds_waitset.c.o[0m
[6.685s] [ 57%] [32mBuilding C object src/core/CMakeFiles/ddsc.dir/ddsc/src/dds_readcond.c.o[0m
[6.768s] [ 58%] [32mBuilding C object src/core/CMakeFiles/ddsc.dir/ddsc/src/dds_guardcond.c.o[0m
[6.833s] [ 58%] [32mBuilding C object src/core/CMakeFiles/ddsc.dir/ddsc/src/dds_statistics.c.o[0m
[6.847s] [ 58%] [32mBuilding C object src/core/CMakeFiles/ddsc.dir/ddsc/src/dds_subscriber.c.o[0m
[6.861s] [ 59%] [32mBuilding C object src/core/CMakeFiles/ddsc.dir/ddsc/src/dds_write.c.o[0m
[6.946s] [ 59%] [32mBuilding C object src/core/CMakeFiles/ddsc.dir/ddsc/src/dds_whc.c.o[0m
[6.949s] [ 59%] [32mBuilding C object src/core/CMakeFiles/ddsc.dir/ddsc/src/dds_whc_builtintopic.c.o[0m
[6.959s] [ 60%] [32mBuilding C object src/core/CMakeFiles/ddsc.dir/ddsc/src/dds_serdata_builtintopic.c.o[0m
[6.990s] [ 60%] [32mBuilding C object src/core/CMakeFiles/ddsc.dir/ddsc/src/dds_serdata_default.c.o[0m
[6.997s] [ 61%] [32mBuilding C object src/core/CMakeFiles/ddsc.dir/ddsc/src/dds_sertype_default.c.o[0m
[7.002s] [ 61%] [32mBuilding C object src/core/CMakeFiles/ddsc.dir/ddsc/src/dds_sertype_builtintopic.c.o[0m
[7.030s] [ 61%] [32mBuilding C object src/core/CMakeFiles/ddsc.dir/ddsc/src/dds_loaned_sample.c.o[0m
[7.137s] [ 62%] [32mBuilding C object src/core/CMakeFiles/ddsc.dir/ddsc/src/dds_heap_loan.c.o[0m
[7.139s] [ 62%] [32mBuilding C object src/core/CMakeFiles/ddsc.dir/ddsc/src/dds_psmx.c.o[0m
[7.168s] [ 62%] [32mBuilding C object src/core/CMakeFiles/ddsc.dir/ddsc/src/dds_dynamic_type.c.o[0m
[7.188s] [ 63%] [32mBuilding C object src/core/CMakeFiles/ddsc.dir/__/security/core/src/dds_security_serialize.c.o[0m
[7.196s] [ 63%] [32mBuilding C object src/core/CMakeFiles/ddsc.dir/__/security/core/src/dds_security_utils.c.o[0m
[7.231s] [ 63%] [32mBuilding C object src/core/CMakeFiles/ddsc.dir/__/security/core/src/dds_security_plugins.c.o[0m
[7.310s] [ 64%] [32mBuilding C object src/core/CMakeFiles/ddsc.dir/__/security/core/src/dds_security_shared_secret.c.o[0m
[7.320s] [ 64%] [32mBuilding C object src/core/CMakeFiles/ddsc.dir/__/security/core/src/dds_security_fsm.c.o[0m
[7.341s] [ 64%] [32mBuilding C object src/core/CMakeFiles/ddsc.dir/__/security/core/src/dds_security_timed_cb.c.o[0m
[7.371s] [ 65%] [32mBuilding C object src/core/CMakeFiles/ddsc.dir/__/ddsrt/src/atomics.c.o[0m
[7.392s] [ 65%] [32mBuilding C object src/core/CMakeFiles/ddsc.dir/__/ddsrt/src/avl.c.o[0m
[7.392s] [ 65%] [32mBuilding C object src/core/CMakeFiles/ddsc.dir/__/ddsrt/src/dynlib.c.o[0m
[7.427s] [ 66%] [32mBuilding C object src/core/CMakeFiles/ddsc.dir/__/ddsrt/src/bits.c.o[0m
[7.437s] [ 66%] [32mBuilding C object src/core/CMakeFiles/ddsc.dir/__/ddsrt/src/bswap.c.o[0m
[7.439s] [ 66%] [32mBuilding C object src/core/CMakeFiles/ddsc.dir/__/ddsrt/src/io.c.o[0m
[7.442s] [ 67%] [32mBuilding C object src/core/CMakeFiles/ddsc.dir/__/ddsrt/src/log.c.o[0m
[7.464s] [ 67%] [32mBuilding C object src/core/CMakeFiles/ddsc.dir/__/ddsrt/src/retcode.c.o[0m
[7.473s] [ 67%] [32mBuilding C object src/core/CMakeFiles/ddsc.dir/__/ddsrt/src/strtol.c.o[0m
[7.473s] [ 68%] [32mBuilding C object src/core/CMakeFiles/ddsc.dir/__/ddsrt/src/strtod.c.o[0m
[7.477s] [ 68%] [32mBuilding C object src/core/CMakeFiles/ddsc.dir/__/ddsrt/src/mh3.c.o[0m
[7.481s] [ 69%] [32mBuilding C object src/core/CMakeFiles/ddsc.dir/__/ddsrt/src/environ.c.o[0m
[7.497s] [ 69%] [32mBuilding C object src/core/CMakeFiles/ddsc.dir/__/ddsrt/src/fibheap.c.o[0m
[7.497s] [ 69%] [32mBuilding C object src/core/CMakeFiles/ddsc.dir/__/ddsrt/src/expand_vars.c.o[0m
[7.528s] [ 70%] [32mBuilding C object src/core/CMakeFiles/ddsc.dir/__/ddsrt/src/hopscotch.c.o[0m
[7.546s] [ 70%] [32mBuilding C object src/core/CMakeFiles/ddsc.dir/__/ddsrt/src/circlist.c.o[0m
[7.552s] [ 70%] [32mBuilding C object src/core/CMakeFiles/ddsc.dir/__/ddsrt/src/threads.c.o[0m
[7.558s] [ 71%] [32mBuilding C object src/core/CMakeFiles/ddsc.dir/__/ddsrt/src/sockets.c.o[0m
[7.559s] [ 71%] [32mBuilding C object src/core/CMakeFiles/ddsc.dir/__/ddsrt/src/string.c.o[0m
[7.582s] [ 71%] [32mBuilding C object src/core/CMakeFiles/ddsc.dir/__/ddsrt/src/md5.c.o[0m
[7.586s] [ 72%] [32mBuilding C object src/core/CMakeFiles/ddsc.dir/__/ddsrt/src/xmlparser.c.o[0m
[7.589s] [ 72%] [32mBuilding C object src/core/CMakeFiles/ddsc.dir/__/ddsrt/src/ifaddrs.c.o[0m
[7.619s] [ 72%] [32mBuilding C object src/core/CMakeFiles/ddsc.dir/__/ddsrt/src/cdtors.c.o[0m
[7.632s] [ 72%] [32mBuilding C object src/core/CMakeFiles/ddsc.dir/__/ddsrt/src/time.c.o[0m
[7.632s] [ 73%] [32mBuilding C object src/core/CMakeFiles/ddsc.dir/__/ddsrt/src/random.c.o[0m
[7.658s] [ 74%] [32mBuilding C object src/core/CMakeFiles/ddsc.dir/__/ddsrt/src/sockets/posix/socket.c.o[0m
[7.688s] [ 74%] [32mBuilding C object src/core/CMakeFiles/ddsc.dir/__/ddsrt/src/sockets/posix/gethostname.c.o[0m
[7.690s] [ 75%] [32mBuilding C object src/core/CMakeFiles/ddsc.dir/__/ddsrt/src/heap/posix/heap.c.o[0m
[7.690s] [ 75%] [32mBuilding C object src/core/CMakeFiles/ddsc.dir/__/ddsrt/src/ifaddrs/posix/ifaddrs.c.o[0m
[7.713s] [ 75%] [32mBuilding C object src/core/CMakeFiles/ddsc.dir/__/ddsrt/src/dynlib/posix/dynlib.c.o[0m
[7.735s] [ 75%] [32mBuilding C object src/core/CMakeFiles/ddsc.dir/__/ddsrt/src/environ/posix/environ.c.o[0m
[7.739s] [ 75%] [32mBuilding C object src/core/CMakeFiles/ddsc.dir/__/ddsrt/src/process/posix/process.c.o[0m
[7.740s] [ 76%] [32mBuilding C object src/core/CMakeFiles/ddsc.dir/__/ddsrt/src/filesystem/posix/filesystem.c.o[0m
[7.778s] [ 77%] [32mBuilding C object src/core/CMakeFiles/ddsc.dir/__/ddsrt/src/sync/posix/sync.c.o[0m
[7.778s] [ 77%] [32mBuilding C object src/core/CMakeFiles/ddsc.dir/__/ddsrt/src/random/posix/random.c.o[0m
[7.787s] [ 77%] [32mBuilding C object src/core/CMakeFiles/ddsc.dir/__/ddsrt/src/threads/posix/threads.c.o[0m
[7.792s] [ 78%] [32mBuilding C object src/core/CMakeFiles/ddsc.dir/__/ddsrt/src/time/posix/time.c.o[0m
[7.802s] [ 78%] [32mBuilding C object src/core/CMakeFiles/ddsc.dir/__/ddsrt/src/netstat/linux/netstat.c.o[0m
[7.809s] [ 78%] [32mBuilding C object src/core/CMakeFiles/ddsc.dir/__/ddsrt/src/rusage/posix/rusage.c.o[0m
[7.913s] [ 79%] [32m[1mLinking C shared library ../../lib/libddsc.so[0m
[8.143s] [ 79%] Built target ddsc
[8.157s] [ 79%] [34m[1mGenerating src/md5.c[0m
[8.157s] [ 79%] [34m[1mGenerating include/idl/md5.h[0m
[8.157s] [ 80%] [34m[1mGenerating include/idl/endian.h[0m
[8.157s] [ 80%] [34m[1mGenerating include/idl/misc.h[0m
[8.158s] [ 80%] [34m[1mGenerating include/idl/attributes.h[0m
[8.165s] [ 80%] [32mBuilding C object src/security/builtin_plugins/access_control/CMakeFiles/dds_security_ac.dir/src/access_control_objects.c.o[0m
[8.168s] [ 80%] [32mBuilding C object src/security/builtin_plugins/authentication/CMakeFiles/dds_security_auth.dir/src/authentication.c.o[0m
[8.175s] [ 81%] [32mBuilding C object src/security/builtin_plugins/access_control/CMakeFiles/dds_security_ac.dir/src/access_control_utils.c.o[0m
[8.175s] [ 81%] [32mBuilding C object src/security/builtin_plugins/cryptographic/CMakeFiles/dds_security_crypto.dir/src/crypto_cipher.c.o[0m
[8.175s] [ 81%] [32mBuilding C object src/security/builtin_plugins/access_control/CMakeFiles/dds_security_ac.dir/src/access_control_parser.c.o[0m
[8.192s] [ 81%] [32mBuilding CXX object src/psmx_iox/CMakeFiles/psmx_iox.dir/src/psmx_iox_impl.cpp.o[0m
[8.220s] [ 81%] [32mBuilding C object src/core/xtests/symbol_export/CMakeFiles/symbol_export_test.dir/symbol_export.c.o[0m
[8.223s] [ 82%] [32mBuilding C object src/idl/CMakeFiles/idl.dir/src/symbol.c.o[0m
[8.325s] [ 82%] [32mBuilding C object src/idl/CMakeFiles/idl.dir/src/directive.c.o[0m
[8.370s] [ 83%] [32mBuilding C object src/security/builtin_plugins/cryptographic/CMakeFiles/dds_security_crypto.dir/src/crypto_key_exchange.c.o[0m
[8.382s] [ 83%] [32mBuilding C object src/security/builtin_plugins/access_control/CMakeFiles/dds_security_ac.dir/__/__/openssl/src/openssl_support.c.o[0m
[8.383s] [ 83%] [32mBuilding C object src/security/builtin_plugins/access_control/CMakeFiles/dds_security_ac.dir/src/access_control.c.o[0m
[8.556s] [ 83%] [32mBuilding C object src/idl/CMakeFiles/idl.dir/src/expression.c.o[0m
[8.564s] [ 83%] [32mBuilding C object src/security/builtin_plugins/authentication/CMakeFiles/dds_security_auth.dir/src/auth_utils.c.o[0m
[8.587s] [ 83%] [32mBuilding C object src/security/builtin_plugins/cryptographic/CMakeFiles/dds_security_crypto.dir/src/crypto_key_factory.c.o[0m
[8.634s] [ 84%] [32m[1mLinking C executable ../../../../bin/symbol_export_test[0m
[8.636s] [ 84%] [32mBuilding C object src/security/builtin_plugins/cryptographic/CMakeFiles/dds_security_crypto.dir/src/crypto_objects.c.o[0m
[8.751s] [ 84%] Built target symbol_export_test
[8.761s] [ 85%] [32mBuilding C object src/security/builtin_plugins/cryptographic/CMakeFiles/dds_security_crypto.dir/src/crypto_transform.c.o[0m
[8.769s] [ 86%] [32mBuilding C object src/idl/CMakeFiles/idl.dir/src/file.c.o[0m
[8.780s] [ 87%] [32mBuilding C object src/security/builtin_plugins/authentication/CMakeFiles/dds_security_auth.dir/__/__/openssl/src/openssl_support.c.o[0m
[8.861s] [ 87%] [32mBuilding C object src/security/builtin_plugins/cryptographic/CMakeFiles/dds_security_crypto.dir/src/crypto_utils.c.o[0m
[8.907s] [ 88%] [32mBuilding C object src/security/builtin_plugins/cryptographic/CMakeFiles/dds_security_crypto.dir/src/cryptography.c.o[0m
[8.915s] [ 89%] [32m[1mLinking C shared library ../../../../lib/libdds_security_ac.so[0m
[8.933s] [ 89%] [32mBuilding C object src/idl/CMakeFiles/idl.dir/src/processor.c.o[0m
[8.941s] [ 89%] [32m[1mLinking C shared library ../../../../lib/libdds_security_auth.so[0m
[9.001s] [ 89%] Built target dds_security_ac
[9.006s] [ 89%] [32mBuilding C object src/security/builtin_plugins/cryptographic/CMakeFiles/dds_security_crypto.dir/__/__/openssl/src/openssl_support.c.o[0m
[9.012s] [ 89%] [32mBuilding C object src/idl/CMakeFiles/idl.dir/src/scanner.c.o[0m
[9.019s] [ 90%] [32mBuilding C object src/idl/CMakeFiles/idl.dir/src/string.c.o[0m
[9.028s] [ 90%] [32mBuilding C object src/idl/CMakeFiles/idl.dir/src/annotation.c.o[0m
[9.049s] [ 90%] Built target dds_security_auth
[9.058s] [ 91%] [32mBuilding C object src/idl/CMakeFiles/idl.dir/src/scope.c.o[0m
[9.112s] [ 91%] [32mBuilding C object src/idl/CMakeFiles/idl.dir/src/tree.c.o[0m
[9.135s] [ 91%] [32mBuilding C object src/idl/CMakeFiles/idl.dir/src/vector.c.o[0m
[9.135s] [ 92%] [32mBuilding C object src/idl/CMakeFiles/idl.dir/src/visit.c.o[0m
[9.189s] [ 92%] [32mBuilding C object src/idl/CMakeFiles/idl.dir/src/print.c.o[0m
[9.205s] [ 92%] [32m[1mLinking C shared library ../../../../lib/libdds_security_crypto.so[0m
[9.218s] [ 92%] [32mBuilding C object src/idl/CMakeFiles/idl.dir/src/keylist.c.o[0m
[9.251s] [ 93%] [32mBuilding C object src/idl/CMakeFiles/idl.dir/src/hashid.c.o[0m
[9.279s] [ 93%] [32mBuilding C object src/idl/CMakeFiles/idl.dir/src/parser.c.o[0m
[9.286s] [ 93%] Built target dds_security_crypto
[9.294s] [ 94%] [32mBuilding C object src/idl/CMakeFiles/idl.dir/src/descriptor_type_meta.c.o[0m
[9.294s] [ 94%] [32mBuilding C object src/idl/CMakeFiles/idl.dir/src/heap.c.o[0m
[9.301s] [ 94%] [32mBuilding C object src/idl/CMakeFiles/idl.dir/src/md5.c.o[0m
[9.801s] [ 94%] [32m[1mLinking C shared library ../../lib/libcycloneddsidl.so[0m
[9.894s] [ 94%] Built target idl
[9.918s] [ 95%] [32mBuilding C object src/tools/idlc/CMakeFiles/libidlc.dir/src/libidlc/libidlc__generator.c.o[0m
[9.918s] [ 95%] [32mBuilding C object src/tools/idlc/CMakeFiles/libidlc.dir/src/libidlc/libidlc__types.c.o[0m
[9.918s] [ 95%] [32mBuilding C object src/tools/idlc/CMakeFiles/idlc.dir/src/idlc/generator.c.o[0m
[9.920s] [ 95%] [32mBuilding C object src/tools/idlc/CMakeFiles/libidlc.dir/src/libidlc/libidlc__descriptor.c.o[0m
[9.921s] [ 96%] [32mBuilding C object src/tools/idlc/CMakeFiles/idlc.dir/src/idlc/idlc.c.o[0m
[9.932s] [ 96%] [32mBuilding C object src/tools/idlc/CMakeFiles/idlc.dir/src/idlc/options.c.o[0m
[10.092s] [ 97%] [32m[1mLinking C executable ../../../bin/idlc[0m
[10.157s] [ 97%] Built target idlc
[10.309s] [ 98%] [32m[1mLinking CXX shared library ../../lib/libpsmx_iox.so[0m
[10.415s] [ 98%] Built target psmx_iox
[10.494s] [ 98%] [32m[1mLinking C shared library ../../../lib/libcycloneddsidlc.so[0m
[10.541s] [ 98%] Built target libidlc
[10.560s] [ 98%] [34m[1mGenerating ddsperf_types.c, ddsperf_types.h[0m
[10.564s] ../../../bin/idlc: symbol lookup error: ../../../bin/idlc: undefined symbol: generate_type_meta_ser
[10.565s] gmake[2]: *** [src/tools/ddsperf/CMakeFiles/ddsperf_types_generate.dir/build.make:76: src/tools/ddsperf/ddsperf_types.c] Error 127
[10.565s] gmake[1]: *** [CMakeFiles/Makefile2:553: src/tools/ddsperf/CMakeFiles/ddsperf_types_generate.dir/all] Error 2
[10.565s] gmake: *** [Makefile:156: all] Error 2
[10.567s] Invoked command in '/home/tranchung163/ros2_ws/build/cyclonedds' returned '2': CMAKE_PREFIX_PATH=/home/tranchung163/ros2_ws/install/my_robot_controller:/opt/ros/humble /usr/bin/cmake --build /home/tranchung163/ros2_ws/build/cyclonedds -- -j8 -l8
