[0.649s] Invoking command in '/home/tranchung163/ros2_ws/src/my_robot_controller': PYTHONPATH=/home/tranchung163/ros2_ws/build/my_robot_controller/prefix_override:/home/tranchung163/ros2_ws/install/my_robot_controller/lib/python3.10/site-packages:${PYTHONPATH} /usr/bin/python3 -W ignore:setup.py install is deprecated setup.py egg_info --egg-base ../../build/my_robot_controller build --build-base /home/tranchung163/ros2_ws/build/my_robot_controller/build install --record /home/tranchung163/ros2_ws/build/my_robot_controller/install.log --single-version-externally-managed install_data
[0.906s] running egg_info
[0.906s] writing ../../build/my_robot_controller/my_robot_controller.egg-info/PKG-INFO
[0.907s] writing dependency_links to ../../build/my_robot_controller/my_robot_controller.egg-info/dependency_links.txt
[0.907s] writing entry points to ../../build/my_robot_controller/my_robot_controller.egg-info/entry_points.txt
[0.907s] writing requirements to ../../build/my_robot_controller/my_robot_controller.egg-info/requires.txt
[0.907s] writing top-level names to ../../build/my_robot_controller/my_robot_controller.egg-info/top_level.txt
[0.908s] reading manifest file '../../build/my_robot_controller/my_robot_controller.egg-info/SOURCES.txt'
[0.909s] writing manifest file '../../build/my_robot_controller/my_robot_controller.egg-info/SOURCES.txt'
[0.910s] running build
[0.910s] running build_py
[0.910s] running install
[0.910s] running install_lib
[0.911s] running install_data
[0.911s] running install_egg_info
[0.912s] removing '/home/tranchung163/ros2_ws/install/my_robot_controller/lib/python3.10/site-packages/my_robot_controller-0.0.0-py3.10.egg-info' (and everything under it)
[0.913s] Copying ../../build/my_robot_controller/my_robot_controller.egg-info to /home/tranchung163/ros2_ws/install/my_robot_controller/lib/python3.10/site-packages/my_robot_controller-0.0.0-py3.10.egg-info
[0.913s] running install_scripts
[0.934s] writing list of installed files to '/home/tranchung163/ros2_ws/build/my_robot_controller/install.log'
[0.969s] Invoked command in '/home/tranchung163/ros2_ws/src/my_robot_controller' returned '0': PYTHONPATH=/home/tranchung163/ros2_ws/build/my_robot_controller/prefix_override:/home/tranchung163/ros2_ws/install/my_robot_controller/lib/python3.10/site-packages:${PYTHONPATH} /usr/bin/python3 -W ignore:setup.py install is deprecated setup.py egg_info --egg-base ../../build/my_robot_controller build --build-base /home/tranchung163/ros2_ws/build/my_robot_controller/build install --record /home/tranchung163/ros2_ws/build/my_robot_controller/install.log --single-version-externally-managed install_data
